Sat 00:39: PROGRESS: MaxCompiler version: 2015.2
Sat 00:39: PROGRESS: Build "GaussianElimination" start time: Sat Jun 04 00:39:02 UTC 2016
Sat 00:39: PROGRESS: Main build process running as user nramaraj on host 519a3f34ce5b
Sat 00:39: INFO    : Loading build properties from bundled MaxCompiler_build.conf...
Sat 00:39: INFO    : Loading default build properties from /opt/MaxCompiler_build.conf
Sat 00:39: INFO    : User build properties not found in file: /home/nramaraj/.MaxCompiler_build_user.conf
Sat 00:39: INFO    : No user-specified external build property file has been specified.
Sat 00:39: INFO    : (Set environment variable MAXCOMPILER_BUILD_CONF_FILE to assign one)
Sat 00:39: INFO    : Loading additional parameters from MAXCOMPILER_BUILD_CONF environment variable
Sat 00:39: PROGRESS: Build location: /tmp/GaussianElimination_MAIA_DFE_SIM
Sat 00:39: PROGRESS: Detailed build log available in "_build.log"
Sat 00:39: INFO    : Created build manager GaussianElimination (GaussianElimination_MAIA_DFE_SIM Sat Jun 04 00:39:02 UTC 2016). (00:39:02 04/06/16)
Sat 00:39: INFO    : Working in dir: /tmp/GaussianElimination_MAIA_DFE_SIM
Sat 00:39: INFO    : Java class path (2 paths):
Sat 00:39: INFO    : 	/home/nramaraj/WebIDE-Projects/Guassian_Elimination/RunRules/Simulation/dist/bin
Sat 00:39: INFO    : 	/opt/maxcompiler/lib/MaxCompiler.jar
Sat 00:39: INFO    : Java process started by 'main' method in class 'gaussianelimination.GaussianEliminationManager'.
Sat 00:39: INFO    : build.arbitrated_core_cache parameter is blank, not using core-cache
Sat 00:39: INFO    : Checking license files in directory: /opt/maxcompiler//licenses
Sat 00:39: INFO    : All license signatures valid.
Sat 00:39: PROGRESS: Instantiating manager
Sat 00:39: PROGRESS: Instantiating kernel "GaussianEliminationKernel"
Sat 00:39: INFO    : Backing-up source-files (old source files in build directory will be removed first)...
Sat 00:39: INFO    : Source directories: src
Sat 00:39: INFO    : Not deleting directory (does not exist): src
Sat 00:39: INFO    : Copying source-files took 3.11760 ms
Sat 00:39: PROGRESS: Compiling manager (CPU I/O Only)
Sat 00:39: INFO    : Backing-up source-files (old source files in build directory will be removed first)...
Sat 00:39: INFO    : Source directories: src
Sat 00:39: INFO    : Deleting directory: src
Sat 00:39: INFO    : Copying source-files took 3.23766 ms
Sat 00:39: INFO    : Manager Configuration:
Sat 00:39: INFO    : 	ManagerConfiguration.allowNonMultipleTransitions = false                   [Init: false]
Sat 00:39: INFO    : 	ManagerConfiguration.board = MAX4848A                                      [Init: null, init: MAX4848A]
Sat 00:39: INFO    : 	ManagerConfiguration.build.buildEffort = MEDIUM                            [Init: MEDIUM]
Sat 00:39: INFO    : 	ManagerConfiguration.build.enableChipScopeInserter = false                 [Init: false]
Sat 00:39: INFO    : 	ManagerConfiguration.build.enableTimingAnalysis = true                     [Init: true]
Sat 00:39: INFO    : 	ManagerConfiguration.build.level = FULL_BUILD                              [Init: FULL_BUILD]
Sat 00:39: INFO    : 	ManagerConfiguration.build.mpprContinueAfterMeetingTiming = false          [Init: false]
Sat 00:39: INFO    : 	ManagerConfiguration.build.mpprCtMax = 1                                   [Init: 1]
Sat 00:39: INFO    : 	ManagerConfiguration.build.mpprCtMin = 1                                   [Init: 1]
Sat 00:39: INFO    : 	ManagerConfiguration.build.mpprParallelism = 1                             [Init: 1]
Sat 00:39: INFO    : 	ManagerConfiguration.build.mpprRetryMissesThrshld = 0                      [Init: 0]
Sat 00:39: INFO    : 	ManagerConfiguration.build.optGoal = BALANCED                              [Init: BALANCED]
Sat 00:39: INFO    : 	ManagerConfiguration.build.physSynthAsyncPipelining = AUTO                 [Init: AUTO]
Sat 00:39: INFO    : 	ManagerConfiguration.build.physSynthCombLogic = AUTO                       [Init: AUTO]
Sat 00:39: INFO    : 	ManagerConfiguration.build.physSynthCombLogicForArea = AUTO                [Init: AUTO]
Sat 00:39: INFO    : 	ManagerConfiguration.build.physSynthEffort = AUTO                          [Init: AUTO]
Sat 00:39: INFO    : 	ManagerConfiguration.build.physSynthRegDuplication = AUTO                  [Init: AUTO]
Sat 00:39: INFO    : 	ManagerConfiguration.build.physSynthRetiming = AUTO                        [Init: AUTO]
Sat 00:39: INFO    : 	ManagerConfiguration.build.physicalSynthesis = false                       [Init: false]
Sat 00:39: INFO    : 	ManagerConfiguration.buildTarget = DFE_SIM                                 [Init: null, init: DFE_SIM]
Sat 00:39: INFO    : 	ManagerConfiguration.debug.chipscopeCaptureDepth = 4096                    [Init: 4096]
Sat 00:39: INFO    : 	ManagerConfiguration.debug.fifoUnderOverFlowRegs = false                   [Init: false]
Sat 00:39: INFO    : 	ManagerConfiguration.debug.memCtlDebugRegs = true                          [Init: true]
Sat 00:39: INFO    : 	ManagerConfiguration.debug.memCtlExtraDebugRegs = false                    [Init: false]
Sat 00:39: INFO    : 	ManagerConfiguration.debug.memMarginingSupport = false                     [Init: false]
Sat 00:39: INFO    : 	ManagerConfiguration.debug.memPhyDebugRegister = NONE                      [Init: NONE]
Sat 00:39: INFO    : 	ManagerConfiguration.debug.memPllLockDebugRegs = true                      [Init: true]
Sat 00:39: INFO    : 	ManagerConfiguration.debug.streamStatus = false                            [Init: false]
Sat 00:39: INFO    : 	ManagerConfiguration.debug.streamStatusChecksums = false                   [Init: false]
Sat 00:39: INFO    : 	ManagerConfiguration.dram.addressGeneratorsInSlowClock = false             [Init: false]
Sat 00:39: INFO    : 	ManagerConfiguration.dram.arbitrationMode = ROUND_ROBIN                    [Init: ROUND_ROBIN]
Sat 00:39: INFO    : 	ManagerConfiguration.dram.burstSize = 8                                    [Init: 8]
Sat 00:39: INFO    : 	ManagerConfiguration.dram.cmdFifoInReg = false                             [Init: false]
Sat 00:39: INFO    : 	ManagerConfiguration.dram.cmdFifoLutRam = false                            [Init: false]
Sat 00:39: INFO    : 	ManagerConfiguration.dram.cmdFifoRegInRam = true                           [Init: true]
Sat 00:39: INFO    : 	ManagerConfiguration.dram.cmdFifoSize = 31                                 [Init: 31]
Sat 00:39: INFO    : 	ManagerConfiguration.dram.commandEchoModeEnabled = false                   [Init: false]
Sat 00:39: INFO    : 	ManagerConfiguration.dram.commandEchoModeFifoDepth = 512                   [Init: 512]
Sat 00:39: INFO    : 	ManagerConfiguration.dram.commandEchoModeStreamAlmostEmptyLatency = 792    [Init: 792]
Sat 00:39: INFO    : 	ManagerConfiguration.dram.commandEchoModeStreamAlmostEmptyLatency = 8      [Init: 8]
Sat 00:39: INFO    : 	ManagerConfiguration.dram.commandEchoModeStreamStallLatency = 8            [Init: 8]
Sat 00:39: INFO    : 	ManagerConfiguration.dram.dataFifoDepth = 512                              [Init: 512]
Sat 00:39: INFO    : 	ManagerConfiguration.dram.dataFifoLutRam = false                           [Init: false]
Sat 00:39: INFO    : 	ManagerConfiguration.dram.dataFifoWidth = 792                              [Init: 792]
Sat 00:39: INFO    : 	ManagerConfiguration.dram.eccMode = true                                   [Init: false, change: true]
Sat 00:39: INFO    : 	ManagerConfiguration.dram.fabricDataFifoReg = true                         [Init: true]
Sat 00:39: INFO    : 	ManagerConfiguration.dram.fabricRdDataFifoReg = false                      [Init: false]
Sat 00:39: INFO    : 	ManagerConfiguration.dram.flagSupport = false                              [Init: false]
Sat 00:39: INFO    : 	ManagerConfiguration.dram.highPrioStream = false                           [Init: false]
Sat 00:39: INFO    : 	ManagerConfiguration.dram.max2CompatMode = false                           [Init: false]
Sat 00:39: INFO    : 	ManagerConfiguration.dram.max4m_GALAVA_MCP_UseRefClk = false               [Init: false]
Sat 00:39: INFO    : 	ManagerConfiguration.dram.max4m_MAIA_MCP_UseRefClk = false                 [Init: false]
Sat 00:39: INFO    : 	ManagerConfiguration.dram.max4qrateMode = false                            [Init: false]
Sat 00:39: INFO    : 	ManagerConfiguration.dram.memCmdIncSize = 8                                [Init: 8]
Sat 00:39: INFO    : 	ManagerConfiguration.dram.memCmdStartAddrSize = 32                         [Init: 32]
Sat 00:39: INFO    : 	ManagerConfiguration.dram.onCardMemFreq = 400.0                            [Init: 0.0, change: 400.0]
Sat 00:39: INFO    : 	ManagerConfiguration.dram.parEccDebugStream = false                        [Init: false]
Sat 00:39: INFO    : 	ManagerConfiguration.dram.parityEccWidth = 72                              [Init: 0, change: 72]
Sat 00:39: INFO    : 	ManagerConfiguration.dram.parityMode = true                                [Init: false, change: true]
Sat 00:39: INFO    : 	ManagerConfiguration.dram.perdqsPhaseDetect = false                        [Init: false]
Sat 00:39: INFO    : 	ManagerConfiguration.dram.performanceMode = true                           [Init: true]
Sat 00:39: INFO    : 	ManagerConfiguration.enableMPCX = false                                    [Init: false, init: false]
Sat 00:39: INFO    : 	ManagerConfiguration.maxring.maxringConnections = []                       [Init: []]
Sat 00:39: INFO    : 	ManagerConfiguration.maxring.maxringNumLanes = {}                          [Init: {}]
Sat 00:39: INFO    : 	ManagerConfiguration.multiCycleMappedMemoryBus = false                     [Init: false]
Sat 00:39: INFO    : 	ManagerConfiguration.network.qsfp0Mode = QSFP_OFF                          [Init: QSFP_OFF]
Sat 00:39: INFO    : 	ManagerConfiguration.network.qsfp1Mode = QSFP_OFF                          [Init: QSFP_OFF]
Sat 00:39: INFO    : 	ManagerConfiguration.network.qsfp2Mode = QSFP_OFF                          [Init: QSFP_OFF]
Sat 00:39: INFO    : 	ManagerConfiguration.network.qsfp3Mode = QSFP_OFF                          [Init: QSFP_OFF]
Sat 00:39: INFO    : 	ManagerConfiguration.network.qsfp4Mode = QSFP_OFF                          [Init: QSFP_OFF]
Sat 00:39: INFO    : 	ManagerConfiguration.network.qsfp5Mode = QSFP_OFF                          [Init: QSFP_OFF]
Sat 00:39: INFO    : 	ManagerConfiguration.network.qsfp6Mode = QSFP_OFF                          [Init: QSFP_OFF]
Sat 00:39: INFO    : 	ManagerConfiguration.network.qsfp7Mode = QSFP_OFF                          [Init: QSFP_OFF]
Sat 00:39: INFO    : 	ManagerConfiguration.pcie.numPCIeLanes = 8                                 [Init: 0, change: 8]
Sat 00:39: INFO    : 	ManagerConfiguration.pcie.pcieFastClock = true                             [Init: false, change: true]
Sat 00:39: INFO    : 	ManagerConfiguration.pcie.streamFromHostMaxNum = 0                         [Init: 0]
Sat 00:39: INFO    : 	ManagerConfiguration.pcie.streamToHostMaxNum = 0                           [Init: 0]
Sat 00:39: INFO    : 	ManagerConfiguration.persona.boardModel = MAX4848A                         [Init: null, change: MAX4848A]
Sat 00:39: INFO    : 	ManagerConfiguration.persona.ddr3Enable = false                            [Init: false]
Sat 00:39: INFO    : 	ManagerConfiguration.persona.ddr3Frq = 400.0                               [Init: 400.0]
Sat 00:39: INFO    : 	ManagerConfiguration.persona.ddr3Qmode = false                             [Init: false]
Sat 00:39: INFO    : 	ManagerConfiguration.persona.disableMultiplePersona = true                 [Init: true]
Sat 00:39: INFO    : 	ManagerConfiguration.persona.dynamic_scaling = false                       [Init: false]
Sat 00:39: INFO    : 	ManagerConfiguration.persona.enableCPLDOverrideOutpus = false              [Init: false]
Sat 00:39: INFO    : 	ManagerConfiguration.persona.enableJDFEPTPTestLogic = false                [Init: false]
Sat 00:39: INFO    : 	ManagerConfiguration.persona.maxRingLocal = false                          [Init: false]
Sat 00:39: INFO    : 	ManagerConfiguration.persona.maxRingOptical = false                        [Init: false]
Sat 00:39: INFO    : 	ManagerConfiguration.persona.maxringDataRate = 2500.0                      [Init: 2500.0]
Sat 00:39: INFO    : 	ManagerConfiguration.persona.maxringOpticalDataRate = 10000.0              [Init: 10000.0]
Sat 00:39: INFO    : 	ManagerConfiguration.persona.mode = InitMode                               [Init: InitMode]
Sat 00:39: INFO    : 	ManagerConfiguration.persona.networkPTP = OFF                              [Init: OFF]
Sat 00:39: INFO    : 	ManagerConfiguration.persona.panMaxRingA = false                           [Init: false]
Sat 00:39: INFO    : 	ManagerConfiguration.persona.panMaxRingB = false                           [Init: false]
Sat 00:39: INFO    : 	ManagerConfiguration.persona.personaInterfaceVersion = 1                   [Init: 1]
Sat 00:39: INFO    : 	ManagerConfiguration.persona.qdr2Enable = false                            [Init: false]
Sat 00:39: INFO    : 	ManagerConfiguration.persona.qdr2Frq = 350.0                               [Init: 350.0]
Sat 00:39: INFO    : 	ManagerConfiguration.persona.streamClks = 1                                [Init: 1]
Sat 00:39: INFO    : 	ManagerConfiguration.persona.streamFrq = [100.0]                           [Init: [150.0], change: [100.0]]
Sat 00:39: INFO    : 	ManagerConfiguration.persona.streamPs = [0]                                [Init: [0]]
Sat 00:39: INFO    : 	ManagerConfiguration.persona.usePCIeGen1 = false                           [Init: false]
Sat 00:39: INFO    : 	ManagerConfiguration.simulation.nativeFloatingPoint = false                [Init: false]
Sat 00:39: INFO    : 	ManagerConfiguration.streamClockFrq = 100                                  [Init: 100]
Sat 00:39: INFO    : 	ManagerConfiguration.useLegacyStreamFIFOs = false                          [Init: false]
Sat 00:39: INFO    : 
Sat 00:39: INFO    :  -- 
Sat 00:39: PROGRESS: 
Sat 00:39: PROGRESS: Compiling kernel "GaussianEliminationKernel"
Sat 00:39: INFO    : Configuration:
Sat 00:39: INFO    : 	KernelConfiguration.additionalInputPipelining = 64                                          [Init: 64]
Sat 00:39: INFO    : 	KernelConfiguration.allowDSPCascading = true                                                [Init: true]
Sat 00:39: INFO    : 	KernelConfiguration.allowInputsOutputsBeforeFlushNode = false                               [Init: false]
Sat 00:39: INFO    : 	KernelConfiguration.allowZeroLatencyNodeHold = false                                        [Init: false]
Sat 00:39: INFO    : 	KernelConfiguration.board = MAX4848A                                                        [Init: MAX2116B, change: MAX4848A]
Sat 00:39: INFO    : 	KernelConfiguration.bramBitsThreshold = 2080                                                [Init: 2080]
Sat 00:39: INFO    : 	KernelConfiguration.buildTarget = MAXCOMPILERSIM_HOST_DRIVEN                                [Init: NONE, change: MAXCOMPILERSIM_HOST_DRIVEN]
Sat 00:39: INFO    : 	KernelConfiguration.cePipelining = 2                                                        [Init: 2]
Sat 00:39: INFO    : 	KernelConfiguration.clockPhaseBalanceThreshold = 0.1                                        [Init: 0.1]
Sat 00:39: INFO    : 	KernelConfiguration.clockPhasingRetries = 50                                                [Init: 50]
Sat 00:39: INFO    : 	KernelConfiguration.dumpNeighboursString =                                                  [Init: ]
Sat 00:39: INFO    : 	KernelConfiguration.enableCeReplication = true                                              [Init: true]
Sat 00:39: INFO    : 	KernelConfiguration.enableClockPhasePartitioning = false                                    [Init: false]
Sat 00:39: INFO    : 	KernelConfiguration.enableDebugIOControlRegs = true                                         [Init: true]
Sat 00:39: INFO    : 	KernelConfiguration.enableDummyBuild = false                                                [Init: false]
Sat 00:39: INFO    : 	KernelConfiguration.enableKernelProfiler = false                                            [Init: false]
Sat 00:39: INFO    : 	KernelConfiguration.enablePipelinedComputeController = false                                [Init: false]
Sat 00:39: INFO    : 	KernelConfiguration.enableShadowRegister = false                                            [Init: false]
Sat 00:39: INFO    : 	KernelConfiguration.enableSmartKernelControl = false                                        [Init: false]
Sat 00:39: INFO    : 	KernelConfiguration.fifoSrlRegisterStages = 1                                               [Init: 1]
Sat 00:39: INFO    : 	KernelConfiguration.flushOnInputDataCongtiguous = false                                     [Init: false]
Sat 00:39: INFO    : 	KernelConfiguration.hardwareDebugDepth = 512                                                [Init: 512]
Sat 00:39: INFO    : 	KernelConfiguration.hwHierarchyMode = UNSET                                                 [Init: UNSET]
Sat 00:39: INFO    : 	KernelConfiguration.latencyAnnotation = false                                               [Init: false]
Sat 00:39: INFO    : 	KernelConfiguration.latencyAnnotationIOs =                                                  [Init: null]
Sat 00:39: INFO    : 	KernelConfiguration.maxCoalescedFifoWidth = 2147483647                                      [Init: 2147483647]
Sat 00:39: INFO    : 	KernelConfiguration.maxPreAdderFanOut = 1                                                   [Init: 1]
Sat 00:39: INFO    : 	KernelConfiguration.netlistMode = false                                                     [Init: false]
Sat 00:39: INFO    : 	KernelConfiguration.numPhotonStateMachines = 1                                              [Init: 1]
Sat 00:39: INFO    : 	KernelConfiguration.optimizations.ceCounterRegisterDuplication = 1                          [Init: 1]
Sat 00:39: INFO    : 	KernelConfiguration.optimizations.conditionalArithmetic = true                              [Init: true]
Sat 00:39: INFO    : 	KernelConfiguration.optimizations.counterChainWrapPipelining = 0                            [Init: 0]
Sat 00:39: INFO    : 	KernelConfiguration.optimizations.dspAddChain = OPTIMISE                                    [Init: null, Init after BuildTarget change: OPTIMISE]
Sat 00:39: INFO    : 	KernelConfiguration.optimizations.enableActiveFanoutReduction = false                       [Init: false]
Sat 00:39: INFO    : 	KernelConfiguration.optimizations.enableBUFGCE = false                                      [Init: false]
Sat 00:39: INFO    : 	KernelConfiguration.optimizations.enableBetterInputRegistering = false                      [Init: false]
Sat 00:39: INFO    : 	KernelConfiguration.optimizations.enableBetterRegistering = false                           [Init: false]
Sat 00:39: INFO    : 	KernelConfiguration.optimizations.enableFIFOCoalescingAcrossPlacementConstraints = false    [Init: false]
Sat 00:39: INFO    : 	KernelConfiguration.optimizations.enableFifoCoalescing = true                               [Init: true]
Sat 00:39: INFO    : 	KernelConfiguration.optimizations.enableFullPrecisionBinaryOpConstants = false              [Init: false]
Sat 00:39: INFO    : 	KernelConfiguration.optimizations.enableIntegratedRounding = false                          [Init: false]
Sat 00:39: INFO    : 	KernelConfiguration.optimizations.enableMappedMemoryHostReadBack = true                     [Init: true]
Sat 00:39: INFO    : 	KernelConfiguration.optimizations.enableMultiCycleReset = false                             [Init: false]
Sat 00:39: INFO    : 	KernelConfiguration.optimizations.enablePowerTwoFloatMult = true                            [Init: true]
Sat 00:39: INFO    : 	KernelConfiguration.optimizations.enableRedundantNodeDeletion = true                        [Init: true]
Sat 00:39: INFO    : 	KernelConfiguration.optimizations.enableStateMachineRegisterMerging = true                  [Init: true]
Sat 00:39: INFO    : 	KernelConfiguration.optimizations.inputFlushDistanceFactor = 0                              [Init: 0]
Sat 00:39: INFO    : 	KernelConfiguration.optimizations.minimumStaticFIFOSplitDepth = 1                           [Init: 1]
Sat 00:39: INFO    : 	KernelConfiguration.optimizations.optimizationTechnique = DEFAULT                           [Init: DEFAULT]
Sat 00:39: INFO    : 	KernelConfiguration.optimizations.triAdd = true                                             [Init: true]
Sat 00:39: INFO    : 	KernelConfiguration.partialReconfBlockName =                                                [Init: ]
Sat 00:39: INFO    : 	KernelConfiguration.partialReconfMode = false                                               [Init: false]
Sat 00:39: INFO    : 	KernelConfiguration.partialReconfTemplate = false                                           [Init: false]
Sat 00:39: INFO    : 	KernelConfiguration.replicateNodeCeLog2NumPartitions = 0                                    [Init: 0]
Sat 00:39: INFO    : 	KernelConfiguration.romBRAMBitsThreshold = 2080                                             [Init: 2080]
Sat 00:39: INFO    : 	KernelConfiguration.simulation.ramAddressCollisionBehaviour = EXCEPTION                     [Init: EXCEPTION]
Sat 00:39: INFO    : 	KernelConfiguration.simulation.ramOutOfBoundsAccessBehaviour = EXCEPTION                    [Init: EXCEPTION]
Sat 00:39: INFO    : 	KernelConfiguration.simulation.simProgressMessageFrequency = 0                              [Init: 0]
Sat 00:39: INFO    : 
Sat 00:39: INFO    :  -- 
Sat 00:39: INFO    : Writing current graph to: GaussianElimination-GaussianEliminationKernel-original.pxg
Sat 00:39: INFO    : Running kernel graph-pass 'GeneratePXG'.
Sat 00:39: INFO    : Graph-pass 'GeneratePXG' took 144.706 ms (1 iterations)
Sat 00:39: INFO    : Running kernel graph-pass 'MarkConstantPass'.
Sat 00:39: INFO    : Graph-pass 'MarkConstantPass' took 1.92888 ms (1 iterations)
Sat 00:39: INFO    : Running kernel graph-pass 'ReachabilityPass'.
Sat 00:39: INFO    : Graph-pass 'ReachabilityPass' took 3.57435 ms (1 iterations)
Sat 00:39: INFO    : Running kernel graph-pass 'FindInputsLeadingToFlush'.
Sat 00:39: INFO    : Graph-pass 'FindInputsLeadingToFlush' took 104.724 ?s (1 iterations)
Sat 00:39: INFO    : Running kernel graph-pass 'CheckForStatefulToFlushViolations'.
Sat 00:39: INFO    : Graph-pass 'CheckForStatefulToFlushViolations' took 324.328 ?s (1 iterations)
Sat 00:39: INFO    : Running kernel graph-pass 'CheckForInputToFlushViolations'.
Sat 00:39: INFO    : Graph-pass 'CheckForInputToFlushViolations' took 846.953 ?s (1 iterations)
Sat 00:39: INFO    : Not deleting directory (does not exist): neighbours
Sat 00:39: INFO    : Running Photon pre-schedule graph optimisations
Sat 00:39: INFO    : Running kernel graph-pass 'AlignOrEradicatePrintfs'.
Sat 00:39: INFO    : Graph-pass 'AlignOrEradicatePrintfs' took 149.414 ?s (1 iterations)
Sat 00:39: INFO    : Running kernel graph-pass 'FoldConstantsPass'.
Sat 00:39: INFO    : Graph-pass 'FoldConstantsPass' took 1.04413 ms (1 iterations)
Sat 00:39: INFO    : Running kernel graph-pass 'OptimiseNodesPass'.
Sat 00:39: INFO    : Graph-pass 'OptimiseNodesPass' took 5.84093 ms (2 iterations)
Sat 00:39: INFO    : Running kernel graph-pass 'DeleteRedundantNodes'.
Sat 00:39: INFO    : Graph-pass 'DeleteRedundantNodes' took 520.962 ?s (1 iterations)
Sat 00:39: INFO    : Running kernel graph-pass 'AlteraDSPExtractionGraphPass'.
Sat 00:39: INFO    : Optimized 0 sub-graphs into DSP multiply/add chains 
Sat 00:39: INFO    : Graph-pass 'AlteraDSPExtractionGraphPass' took 6.42770 ms (1 iterations)
Sat 00:39: INFO    : Running kernel graph-pass 'TriAddExtractionPass'.
Sat 00:39: INFO    : Graph-pass 'TriAddExtractionPass' took 154.382 ?s (1 iterations)
Sat 00:39: INFO    : Running kernel graph-pass 'ConditionalAddExtractionPass'.
Sat 00:39: INFO    : Optimized 0 sub-graphs into conditional adds/subs/triadds.
Sat 00:39: INFO    : Graph-pass 'ConditionalAddExtractionPass' took 827.644 ?s (1 iterations)
Sat 00:39: INFO    : Running kernel graph-pass 'PO2FPMultOptimiser'.
Sat 00:39: INFO    : Graph-pass 'PO2FPMultOptimiser' took 192.108 ?s (1 iterations)
Sat 00:39: INFO    : Running Photon simulation preparation
Sat 00:39: INFO    : Running kernel graph-pass 'PrepareSimulationPass'.
Sat 00:39: INFO    : Graph-pass 'PrepareSimulationPass' took 138.767 ?s (1 iterations)
Sat 00:39: INFO    : Logging Photon stats to: GaussianEliminationKernel_photon_stats.csv
Sat 00:39: INFO    : Running kernel graph-pass 'StatsPass'.
Sat 00:39: INFO    : Graph-pass 'StatsPass' took 1.90232 ms (1 iterations)
Sat 00:39: INFO    : Running kernel graph-pass 'CollectNumericExceptions'.
Sat 00:39: INFO    : Graph-pass 'CollectNumericExceptions' took 145.993 ?s (1 iterations)
Sat 00:39: INFO    : Running kernel graph-pass 'StreamOffsetDivExpand'.
Sat 00:39: INFO    : Graph-pass 'StreamOffsetDivExpand' took 181.749 ?s (1 iterations)
Sat 00:39: INFO    : Running kernel graph-pass 'FindIllegalLoops'.
Sat 00:39: INFO    : Graph-pass 'FindIllegalLoops' took 848.568 ?s (1 iterations)
Sat 00:39: INFO    : Running kernel graph-pass 'MarkConstantPass'.
Sat 00:39: INFO    : Graph-pass 'MarkConstantPass' took 286.497 ?s (1 iterations)
Sat 00:39: INFO    : Running kernel graph-pass 'ScheduleVariables'.
Sat 00:39: INFO    : Graph-pass 'ScheduleVariables' took 3.07546 ms (1 iterations)
Sat 00:39: INFO    : Running kernel graph-pass 'SubstituteEqPlaceholders'.
Sat 00:39: INFO    : Graph-pass 'SubstituteEqPlaceholders' took 90.3750 ?s (1 iterations)
Sat 00:39: INFO    : Running kernel graph-pass 'ScheduleApplier'.
Sat 00:39: INFO    : Graph-pass 'ScheduleApplier' took 2.04929 ms (1 iterations)
Sat 00:39: INFO    : Running kernel graph-pass 'MarkConstantPass'.
Sat 00:39: INFO    : Graph-pass 'MarkConstantPass' took 285.536 ?s (1 iterations)
Sat 00:39: INFO    : Running kernel graph-pass 'ScheduleDumper'.
Sat 00:39: INFO    : Graph-pass 'ScheduleDumper' took 1.84502 ms (1 iterations)
Sat 00:39: INFO    : Running Photon post-schedule graph optimisations (pass 1)
Sat 00:39: INFO    : Running kernel graph-pass 'TapFIFOsPass'.
Sat 00:39: INFO    : Graph-pass 'TapFIFOsPass' took 1.02054 ms (1 iterations)
Sat 00:39: INFO    : Running kernel graph-pass 'FoldFIFOsPass'.
Sat 00:39: INFO    : Graph-pass 'FoldFIFOsPass' took 365.940 ?s (1 iterations)
Sat 00:39: INFO    : Running kernel graph-pass 'MarkConstantPass'.
Sat 00:39: INFO    : Graph-pass 'MarkConstantPass' took 287.601 ?s (1 iterations)
Sat 00:39: INFO    : Running kernel graph-pass 'ValidateFIFOs'.
Sat 00:39: INFO    : Graph-pass 'ValidateFIFOs' took 136.982 ?s (1 iterations)
Sat 00:39: INFO    : Running kernel graph-pass 'MarkConstantPass'.
Sat 00:39: INFO    : Graph-pass 'MarkConstantPass' took 284.950 ?s (1 iterations)
Sat 00:39: INFO    : Running kernel graph-pass 'ScheduleDumper'.
Sat 00:39: INFO    : Graph-pass 'ScheduleDumper' took 1.60855 ms (1 iterations)
Sat 00:39: INFO    : Running kernel graph-pass 'MarkConstantPass'.
Sat 00:39: INFO    : Graph-pass 'MarkConstantPass' took 322.511 ?s (1 iterations)
Sat 00:39: INFO    : Running kernel graph-pass 'ScheduleConstants'.
Sat 00:39: INFO    : Running command: "/opt/maxcompiler//bin/cbc" "GaussianEliminationKernel_schedule_C.mps.gz" -threads 4 -solve  -printi csv -solu "GaussianEliminationKernel_schedule_C.csv" > "GaussianEliminationKernel_schedule_C.stdout.log"
Sat 00:39: INFO    : Optimum found: 9856
Sat 00:39: INFO    : Graph-pass 'ScheduleConstants' took 78.3190 ms (1 iterations)
Sat 00:39: INFO    : Running kernel graph-pass 'MarkConstantPass'.
Sat 00:39: INFO    : Graph-pass 'MarkConstantPass' took 314.720 ?s (1 iterations)
Sat 00:39: INFO    : Running kernel graph-pass 'ScheduleDumper'.
Sat 00:39: INFO    : Graph-pass 'ScheduleDumper' took 1.96136 ms (1 iterations)
Sat 00:39: INFO    : Running kernel graph-pass 'SubstituteEqPlaceholders'.
Sat 00:39: INFO    : Graph-pass 'SubstituteEqPlaceholders' took 114.063 ?s (1 iterations)
Sat 00:39: INFO    : Running kernel graph-pass 'RemoveDistMeasurementNodes'.
Sat 00:39: INFO    : Graph-pass 'RemoveDistMeasurementNodes' took 15.3660 ?s (1 iterations)
Sat 00:39: INFO    : Running kernel graph-pass 'ScheduleApplier'.
Sat 00:39: INFO    : Graph-pass 'ScheduleApplier' took 24.1412 ms (1 iterations)
Sat 00:39: INFO    : Maximum stream latency for kernel 'GaussianEliminationKernel': 67
Sat 00:39: INFO    : Using user logic for flush.
Sat 00:39: INFO    : Running Photon post-schedule graph optimisations (pass 2)
Sat 00:39: INFO    : Running kernel graph-pass 'TapFIFOsPass'.
Sat 00:39: INFO    : Graph-pass 'TapFIFOsPass' took 1.18470 ms (1 iterations)
Sat 00:39: INFO    : Running kernel graph-pass 'FoldFIFOsPass'.
Sat 00:39: INFO    : Graph-pass 'FoldFIFOsPass' took 775.340 ?s (1 iterations)
Sat 00:39: INFO    : Running kernel graph-pass 'MarkConstantPass'.
Sat 00:39: INFO    : Graph-pass 'MarkConstantPass' took 330.947 ?s (1 iterations)
Sat 00:39: INFO    : Running kernel graph-pass 'ScheduleAsserter'.
Sat 00:39: INFO    : Graph-pass 'ScheduleAsserter' took 1.02053 ms (1 iterations)
Sat 00:39: INFO    : Running kernel graph-pass 'ReplaceEvalStreamOffsetNodes'.
Sat 00:39: INFO    : Graph-pass 'ReplaceEvalStreamOffsetNodes' took 150.972 ?s (1 iterations)
Sat 00:39: INFO    : Running kernel graph-pass 'FIFOReport'.
Sat 00:39: INFO    : Graph-pass 'FIFOReport' took 1.95307 ms (1 iterations)
Sat 00:39: INFO    : Running kernel graph-pass 'StatsPass'.
Sat 00:39: INFO    : Graph-pass 'StatsPass' took 1.26197 ms (1 iterations)
Sat 00:39: INFO    : Running kernel graph-pass 'RemoveUntypedConstants'.
Sat 00:39: INFO    : Graph-pass 'RemoveUntypedConstants' took 9.54303 ms (1 iterations)
Sat 00:39: INFO    : Running kernel graph-pass 'VariableSizeMappedRegInserter'.
Sat 00:39: INFO    : Graph-pass 'VariableSizeMappedRegInserter' took 168.419 ?s (1 iterations)
Sat 00:39: INFO    : Running kernel graph-pass 'MarkConstantPass'.
Sat 00:39: INFO    : Graph-pass 'MarkConstantPass' took 357.522 ?s (1 iterations)
Sat 00:39: INFO    : Running kernel graph-pass 'MakeMaxFileNodeData'.
Sat 00:39: INFO    : Graph-pass 'MakeMaxFileNodeData' took 3.75338 ms (1 iterations)
Sat 00:39: INFO    : Running kernel graph-pass 'MoveFanoutRegsForwards'.
Sat 00:39: INFO    : Graph-pass 'MoveFanoutRegsForwards' took 146.789 ?s (1 iterations)
Sat 00:39: INFO    : Optimization report for Kernel 'GaussianEliminationKernel'.
Sat 00:39: INFO    : Enabled optimizations:
Sat 00:39: INFO    : 	DSP-MultAdd
Sat 00:39: INFO    : 	Tri-Adder
Sat 00:39: INFO    : 	Conditional (Tri)Adds/Subs/AddSubs
Sat 00:39: INFO    : 	Power-of-2 Floating Point
Sat 00:39: INFO    : Creating a preliminary MaxCompilerDesignData.dat. (@ CoreCompile GaussianEliminationKernel)
Sat 00:39: INFO    : Total compilation of 'GaussianEliminationKernel' took 459.873 ms.
Sat 00:39: INFO    : Running kernel graph-pass 'MarkConstantPass'.
Sat 00:39: INFO    : Graph-pass 'MarkConstantPass' took 299.335 ?s (1 iterations)
Sat 00:39: INFO    : Running kernel graph-pass 'MaxConstantLatency'.
Sat 00:39: INFO    : Graph-pass 'MaxConstantLatency' took 448.945 ?s (1 iterations)
Sat 00:39: INFO    : Running kernel graph-pass 'SimCodeGraphPass'.
Sat 00:39: INFO    : Graph-pass 'SimCodeGraphPass' took 13.9605 ms (1 iterations)
Sat 00:39: INFO    : Writing current graph to: GaussianElimination-GaussianEliminationKernel-final-simulation.pxg
Sat 00:39: INFO    : Running kernel graph-pass 'GeneratePXG'.
Sat 00:39: INFO    : Graph-pass 'GeneratePXG' took 29.2024 ms (1 iterations)
Sat 00:39: INFO    : Running manager compiler graph-pass: GenerateMXGInfo
Sat 00:39: INFO    : Running manager compiler graph-pass: ScheduleStallLatency
Sat 00:39: INFO    : Running manager compiler graph-pass: ClockWidthAssignment
Sat 00:39: INFO    : Running manager compiler graph-pass: InsertDualAspectLogic
Sat 00:39: INFO    : Running manager compiler graph-pass: ClockWidthAssignment
Sat 00:39: INFO    : Running manager compiler graph-pass: InsertPullPushAdapter
Sat 00:39: INFO    : Running manager compiler graph-pass: ClockWidthAssignment
Sat 00:39: INFO    : Running manager compiler graph-pass: InsertStreamFifos
Sat 00:39: INFO    : Running manager compiler graph-pass: ClockWidthAssignment
Sat 00:39: INFO    : Running manager compiler graph-pass: InsertStreamStatus
Sat 00:39: INFO    : Running manager compiler graph-pass: InsertChipscope
Sat 00:39: INFO    : Inserted 0 chipscope manager nodes.
Sat 00:39: INFO    : Running manager compiler graph-pass: ClockWidthAssignment
Sat 00:39: INFO    : Running manager compiler graph-pass: ReportClockAssignments
Sat 00:39: INFO    : Running manager compiler graph-pass: BuildSoftwareSim
Sat 00:39: INFO    : Mapped register report:
Sat 00:39: INFO    : 	0	io_inVector_force_disabled	1bytes
Sat 00:39: INFO    : 	1	io_inVector1_force_disabled	1bytes
Sat 00:39: INFO    : 	2	io_outVector_force_disabled	1bytes
Sat 00:39: INFO    : 	3	run_cycle_count	6bytes
Sat 00:39: INFO    : 	9	current_run_cycle_count	6bytes
Sat 00:39: INFO    : 	f	dbg_ctld_almost_empty	1bytes
Sat 00:39: INFO    : 	10	dbg_ctld_done	1bytes
Sat 00:39: INFO    : 	11	dbg_ctld_empty	1bytes
Sat 00:39: INFO    : 	12	dbg_ctld_read	1bytes
Sat 00:39: INFO    : 	13	dbg_ctld_read_pipe_dbg	1bytes
Sat 00:39: INFO    : 	14	dbg_ctld_request	1bytes
Sat 00:39: INFO    : 	15	dbg_done_out	1bytes
Sat 00:39: INFO    : 	16	dbg_fill_level	1bytes
Sat 00:39: INFO    : 	17	dbg_flush_level	1bytes
Sat 00:39: INFO    : 	18	dbg_flush_start	1bytes
Sat 00:39: INFO    : 	19	dbg_flush_start_level	1bytes
Sat 00:39: INFO    : 	1a	dbg_flushing	1bytes
Sat 00:39: INFO    : 	1b	dbg_full_level	1bytes
Sat 00:39: INFO    : 	1c	dbg_out_stall	1bytes
Sat 00:39: INFO    : 	1d	dbg_out_valid	1bytes
Sat 00:39: INFO    : 	1e	dbg_stall_vector	1bytes
Sat 00:39: INFO    : 	1f	ifpga_ctrl	1bytes
Sat 00:39: INFO    : 	20	SFA_FORWARD_EN	4bytes
Sat 00:39: INFO    : Mapped register chain length = 36
Sat 00:39: INFO    : Mapped register efficiency = 0.66 (189 / 288 bits)
Sat 00:39: INFO    : Mapped memory report:
Sat 00:39: INFO    : 	No mapped memories in this design.
Sat 00:39: INFO    : Running manager compiler graph-pass: GenerateMXGInfo
Sat 00:39: INFO    : Running manager compiler graph-pass: GenerateSlicHostCode
Sat 00:39: INFO    : Generating SLIC interface information
Sat 00:39: INFO    : Generating SLIC code for interface 'default'
Sat 00:39: INFO    : Skipping blacklisted scalar parameter 'GaussianEliminationKernel.current_run_cycle_count'
Sat 00:39: INFO    : Interface 'default' depends on parameter 'N'
Sat 00:39: INFO    : Generating XML description for Maxfile
Sat 00:39: INFO    : Generating XML description for mode 'default'
Sat 00:39: INFO    : Skipping blacklisted scalar parameter 'GaussianEliminationKernel.current_run_cycle_count'
Sat 00:39: INFO    : Interface 'default' depends on parameter 'N'
Sat 00:39: INFO    : Adding SLIC sections to the maxfile
Sat 00:39: INFO    : Adding user files to the maxfile
Sat 00:39: INFO    : Generating SLIC include file
Sat 00:39: INFO    : Done generating SLIC interface information
Sat 00:39: PROGRESS: Running back-end simulation build (3 phases)
Sat 00:39: PROGRESS: (1/3) - Prepare MaxFile Data (GenerateMaxFileDataFile)
Sat 00:39: INFO    : Build pass 'GenerateMaxFileDataFile' took 13.6349 ms.
Sat 00:39: PROGRESS: (2/3) - Compile Simulation Modules (SimCompilePass)
Sat 00:39: INFO    : Running command: make -j2
Sat 00:39: INFO    : make[3]: Entering directory `/tmp/GaussianElimination_MAIA_DFE_SIM/scratch/software-sim/build'
Sat 00:39: INFO    : mkdir -p objdir
Sat 00:39: INFO    : mkdir -p stdsimheader.h.gch
Sat 00:39: INFO    : /opt/maxcompiler//lib/clang/bin/start.sh clang++ -c -fPIC -B/opt/maxcompiler//lib/gcc -fbracket-depth=1024 -D_GLIBCXX__PTHREADS -D__USE_XOPEN2K8 -O3  -I. -I/opt/maxcompiler//lib/boost/include -I/opt/maxcompiler//lib/maxeleros-sim/include -I/opt/maxcompiler//lib/lwip_sim -I/opt/maxcompiler//lib/lwip_sim/include -I/opt/maxcompiler//lib/lwip_sim/include/arch -I/opt/maxcompiler//lib/lwip_sim/include/ipv4  -DHAVE_KERNELS -DMAXFILE_INC="../../MaxCompilerDesignData.dat" -g0  -DSLIC_NO_DECLARATIONS   -O0 -DOPTIMIZATION_LEVEL=0 -x c++-header \
Sat 00:39: INFO    : 		-o stdsimheader.h.gch/O0_stdsimheader.h.gch stdsimheader.h
Sat 00:39: INFO    : /opt/maxcompiler//lib/clang/bin/start.sh clang++ -c -fPIC -B/opt/maxcompiler//lib/gcc -fbracket-depth=1024 -D_GLIBCXX__PTHREADS -D__USE_XOPEN2K8 -O3  -I. -I/opt/maxcompiler//lib/boost/include -I/opt/maxcompiler//lib/maxeleros-sim/include -I/opt/maxcompiler//lib/lwip_sim -I/opt/maxcompiler//lib/lwip_sim/include -I/opt/maxcompiler//lib/lwip_sim/include/arch -I/opt/maxcompiler//lib/lwip_sim/include/ipv4  -DHAVE_KERNELS -DMAXFILE_INC="../../MaxCompilerDesignData.dat" -g0  -DSLIC_NO_DECLARATIONS   -fno-implicit-templates -O2 -DOPTIMIZATION_LEVEL=2 -x c++-header \
Sat 00:39: INFO    : 		-o stdsimheader.h.gch/NoTplInst_O2_stdsimheader.h.gch stdsimheader.h
Sat 00:39: INFO    : make GaussianElimination.so
Sat 00:39: INFO    : make[4]: Entering directory `/tmp/GaussianElimination_MAIA_DFE_SIM/scratch/software-sim/build'
Sat 00:39: INFO    : /opt/maxcompiler//lib/clang/bin/start.sh clang++ -c -fPIC -B/opt/maxcompiler//lib/gcc -fbracket-depth=1024 -D_GLIBCXX__PTHREADS -D__USE_XOPEN2K8 -O3  -I. -I/opt/maxcompiler//lib/boost/include -I/opt/maxcompiler//lib/maxeleros-sim/include -I/opt/maxcompiler//lib/lwip_sim -I/opt/maxcompiler//lib/lwip_sim/include -I/opt/maxcompiler//lib/lwip_sim/include/arch -I/opt/maxcompiler//lib/lwip_sim/include/ipv4  -DHAVE_KERNELS -DMAXFILE_INC="../../MaxCompilerDesignData.dat" -g0  -DSLIC_NO_DECLARATIONS   -fno-implicit-templates -include-pch stdsimheader.h.gch -O2 -DOPTIMIZATION_LEVEL=2 -o objdir/GaussianEliminationKernel_exec0.NoTplInst.O2.o GaussianEliminationKernel_exec0.cpp
Sat 00:39: INFO    : /opt/maxcompiler//lib/clang/bin/start.sh clang++ -c -fPIC -B/opt/maxcompiler//lib/gcc -fbracket-depth=1024 -D_GLIBCXX__PTHREADS -D__USE_XOPEN2K8 -O3  -I. -I/opt/maxcompiler//lib/boost/include -I/opt/maxcompiler//lib/maxeleros-sim/include -I/opt/maxcompiler//lib/lwip_sim -I/opt/maxcompiler//lib/lwip_sim/include -I/opt/maxcompiler//lib/lwip_sim/include/arch -I/opt/maxcompiler//lib/lwip_sim/include/ipv4  -DHAVE_KERNELS -DMAXFILE_INC="../../MaxCompilerDesignData.dat" -g0  -DSLIC_NO_DECLARATIONS   -include-pch stdsimheader.h.gch -O0 -DOPTIMIZATION_LEVEL=0 -o objdir/GaussianEliminationKernel.O0.o GaussianEliminationKernel.cpp
Sat 00:39: INFO    : /opt/maxcompiler//lib/clang/bin/start.sh clang++ -fPIC -B/opt/maxcompiler//lib/gcc -fbracket-depth=1024 -D_GLIBCXX__PTHREADS -D__USE_XOPEN2K8 -O3  -I. -I/opt/maxcompiler//lib/boost/include -I/opt/maxcompiler//lib/maxeleros-sim/include -I/opt/maxcompiler//lib/lwip_sim -I/opt/maxcompiler//lib/lwip_sim/include -I/opt/maxcompiler//lib/lwip_sim/include/arch -I/opt/maxcompiler//lib/lwip_sim/include/ipv4  -DHAVE_KERNELS -DMAXFILE_INC="../../MaxCompilerDesignData.dat" -g0  -DSLIC_NO_DECLARATIONS   -MM -MP -MT objdir/GaussianEliminationKernel.O0.o \
Sat 00:39: INFO    : 		GaussianEliminationKernel.cpp > objdir/GaussianEliminationKernel.O0.d
Sat 00:39: INFO    : /opt/maxcompiler//lib/clang/bin/start.sh clang++ -c -fPIC -B/opt/maxcompiler//lib/gcc -fbracket-depth=1024 -D_GLIBCXX__PTHREADS -D__USE_XOPEN2K8 -O3  -I. -I/opt/maxcompiler//lib/boost/include -I/opt/maxcompiler//lib/maxeleros-sim/include -I/opt/maxcompiler//lib/lwip_sim -I/opt/maxcompiler//lib/lwip_sim/include -I/opt/maxcompiler//lib/lwip_sim/include/arch -I/opt/maxcompiler//lib/lwip_sim/include/ipv4  -DHAVE_KERNELS -DMAXFILE_INC="../../MaxCompilerDesignData.dat" -g0  -DSLIC_NO_DECLARATIONS   -include-pch stdsimheader.h.gch -O2 -DOPTIMIZATION_LEVEL=2 -o objdir/GaussianEliminationKernel_Templates.O2.o GaussianEliminationKernel_Templates.cpp
Sat 00:39: INFO    : /opt/maxcompiler//lib/clang/bin/start.sh clang++ -fPIC -B/opt/maxcompiler//lib/gcc -fbracket-depth=1024 -D_GLIBCXX__PTHREADS -D__USE_XOPEN2K8 -O3  -I. -I/opt/maxcompiler//lib/boost/include -I/opt/maxcompiler//lib/maxeleros-sim/include -I/opt/maxcompiler//lib/lwip_sim -I/opt/maxcompiler//lib/lwip_sim/include -I/opt/maxcompiler//lib/lwip_sim/include/arch -I/opt/maxcompiler//lib/lwip_sim/include/ipv4  -DHAVE_KERNELS -DMAXFILE_INC="../../MaxCompilerDesignData.dat" -g0  -DSLIC_NO_DECLARATIONS   -MM -MP -MT objdir/GaussianEliminationKernel_exec0.NoTplInst.O2.o \
Sat 00:39: INFO    : 		GaussianEliminationKernel_exec0.cpp > objdir/GaussianEliminationKernel_exec0.NoTplInst.O2.d
Sat 00:39: INFO    : /opt/maxcompiler//lib/clang/bin/start.sh clang++ -c -fPIC -B/opt/maxcompiler//lib/gcc -fbracket-depth=1024 -D_GLIBCXX__PTHREADS -D__USE_XOPEN2K8 -O3  -I. -I/opt/maxcompiler//lib/boost/include -I/opt/maxcompiler//lib/maxeleros-sim/include -I/opt/maxcompiler//lib/lwip_sim -I/opt/maxcompiler//lib/lwip_sim/include -I/opt/maxcompiler//lib/lwip_sim/include/arch -I/opt/maxcompiler//lib/lwip_sim/include/ipv4  -DHAVE_KERNELS -DMAXFILE_INC="../../MaxCompilerDesignData.dat" -g0  -DSLIC_NO_DECLARATIONS   -include-pch stdsimheader.h.gch -O0 -DOPTIMIZATION_LEVEL=0 -o objdir/max_msi.O0.o max_msi.cpp
Sat 00:39: INFO    : In file included from max_msi.cpp:19:
Sat 00:39: INFO    : /tmp/GaussianElimination_MAIA_DFE_SIM/scratch/software-sim/build/MaxFile.h:4:9: warning: '_QUOTE' macro redefined [-Wmacro-redefined]
Sat 00:39: INFO    : #define _QUOTE(what) #what
Sat 00:39: INFO    :         ^
Sat 00:39: INFO    : /opt/maxcompiler//lib/maxeleros-sim/include/maxrt_error.h:87:9: note: previous definition is here
Sat 00:39: INFO    : #define _QUOTE(x) #x
Sat 00:39: INFO    :         ^
Sat 00:39: INFO    : /opt/maxcompiler//lib/clang/bin/start.sh clang++ -fPIC -B/opt/maxcompiler//lib/gcc -fbracket-depth=1024 -D_GLIBCXX__PTHREADS -D__USE_XOPEN2K8 -O3  -I. -I/opt/maxcompiler//lib/boost/include -I/opt/maxcompiler//lib/maxeleros-sim/include -I/opt/maxcompiler//lib/lwip_sim -I/opt/maxcompiler//lib/lwip_sim/include -I/opt/maxcompiler//lib/lwip_sim/include/arch -I/opt/maxcompiler//lib/lwip_sim/include/ipv4  -DHAVE_KERNELS -DMAXFILE_INC="../../MaxCompilerDesignData.dat" -g0  -DSLIC_NO_DECLARATIONS   -MM -MP -MT objdir/GaussianEliminationKernel_Templates.O2.o \
Sat 00:39: INFO    : 		GaussianEliminationKernel_Templates.cpp > objdir/GaussianEliminationKernel_Templates.O2.d
Sat 00:39: INFO    : 1 warning generated.
Sat 00:39: INFO    : /opt/maxcompiler//lib/clang/bin/start.sh clang++ -fPIC -B/opt/maxcompiler//lib/gcc -fbracket-depth=1024 -D_GLIBCXX__PTHREADS -D__USE_XOPEN2K8 -O3  -I. -I/opt/maxcompiler//lib/boost/include -I/opt/maxcompiler//lib/maxeleros-sim/include -I/opt/maxcompiler//lib/lwip_sim -I/opt/maxcompiler//lib/lwip_sim/include -I/opt/maxcompiler//lib/lwip_sim/include/arch -I/opt/maxcompiler//lib/lwip_sim/include/ipv4  -DHAVE_KERNELS -DMAXFILE_INC="../../MaxCompilerDesignData.dat" -g0  -DSLIC_NO_DECLARATIONS   -MM -MP -MT objdir/max_msi.O0.o \
Sat 00:39: INFO    : 		max_msi.cpp > objdir/max_msi.O0.d
Sat 00:39: INFO    : /opt/maxcompiler//lib/clang/bin/start.sh clang++ -fPIC -shared -B/opt/maxcompiler//lib/gcc -L/opt/maxcompiler//lib/boost/lib -lboost_thread -lboost_system -lboost_filesystem -lrt -pthread -O2 -s  -o GaussianElimination.so objdir/GaussianEliminationKernel_exec0.NoTplInst.O2.o objdir/GaussianEliminationKernel.O0.o objdir/GaussianEliminationKernel_Templates.O2.o objdir/max_msi.O0.o StructToGroupDummy.o Mux.o DualAspectMux.o Demux.o Fanout.o CapRegs.o IFPGARegs.o ChecksumMem.o PCIe.o KernelManagerBlockSync.o DualAspectReg.o PullPushAdapter.o FilePullSource.o max_shared_fifo.o SharedFIFO.o Fifos.o FilePushSink.o SimTerminator.o Watch.o StreamStatus.o RunLengthExpander.o ManagerBlock.o MappedElements.o ManagerSync.o PullSync.o PushSync.o DynamicVarUInt.o SimException.o DebugStreams.o AddressGenerator.o MemoryControllerPro.o MemoryControllerRAM.o MemoryControllerCommand.o MemoryControllerStreams.o MemoryControllerConfig.o TCP.o Ethernet.o Timestamp.o /opt/maxcompiler//lib/lwip_sim/lib/liblwip.a
Sat 00:39: INFO    : make[4]: Leaving directory `/tmp/GaussianElimination_MAIA_DFE_SIM/scratch/software-sim/build'
Sat 00:39: INFO    : make[3]: Leaving directory `/tmp/GaussianElimination_MAIA_DFE_SIM/scratch/software-sim/build'
Sat 00:39: INFO    : Build pass 'SimCompilePass' took 6.46889 s.
Sat 00:39: PROGRESS: (3/3) - Generate MaxFile (AddSimObjectToMaxFilePass)
Sat 00:39: INFO    : Build pass 'AddSimObjectToMaxFilePass' took 199.445 ms.
Sat 00:39: INFO    : Final result files after build: 
Sat 00:39: INFO    : Running command: ln -sf "../scratch/GaussianElimination-GaussianEliminationKernel-original.pxg"
Sat 00:39: INFO    : GaussianElimination-GaussianEliminationKernel-original.pxg (BuildFilePXG)
Sat 00:39: INFO    : Running command: ln -sf "../scratch/GaussianEliminationKernel_Configuration.txt"
Sat 00:39: INFO    : GaussianEliminationKernel_Configuration.txt (BuildFile)
Sat 00:39: INFO    : Running command: ln -sf "../scratch/GaussianEliminationKernel_NodeDiary.txt"
Sat 00:39: INFO    : GaussianEliminationKernel_NodeDiary.txt (BuildFile)
Sat 00:39: INFO    : Running command: ln -sf "../scratch/GaussianElimination-GaussianEliminationKernel-final-simulation.pxg"
Sat 00:39: INFO    : GaussianElimination-GaussianEliminationKernel-final-simulation.pxg (BuildFilePXG)
Sat 00:39: INFO    : Running command: ln -sf "../scratch/GaussianElimination.xml"
Sat 00:39: INFO    : GaussianElimination.xml (BuildFile)
Sat 00:39: INFO    : Running command: ln -sf "../scratch/GaussianElimination.h"
Sat 00:39: INFO    : GaussianElimination.h (BuildFileSlicH)
Sat 00:39: INFO    : Running command: ln -sf "../scratch/GaussianElimination.max"
Sat 00:39: INFO    : GaussianElimination.max (BuildFileMaxFile)
Sat 00:39: INFO    : Result files will be copied to '/home/nramaraj/WebIDE-Projects/Guassian_Elimination/CPUCode/results'
Sat 00:39: INFO    : Creating directory '/home/nramaraj/WebIDE-Projects/Guassian_Elimination/CPUCode/results'
Sat 00:39: INFO    : Copying result 'GaussianElimination-GaussianEliminationKernel-original.pxg' to '/home/nramaraj/WebIDE-Projects/Guassian_Elimination/CPUCode/results/GaussianElimination-GaussianEliminationKernel-original.pxg'
Sat 00:39: INFO    : Running command: cp -rf "/tmp/GaussianElimination_MAIA_DFE_SIM/scratch/GaussianElimination-GaussianEliminationKernel-original.pxg" "/home/nramaraj/WebIDE-Projects/Guassian_Elimination/CPUCode/results/GaussianElimination-GaussianEliminationKernel-original.pxg"
Sat 00:39: INFO    : Copying result 'GaussianElimination-GaussianEliminationKernel-final-simulation.pxg' to '/home/nramaraj/WebIDE-Projects/Guassian_Elimination/CPUCode/results/GaussianElimination-GaussianEliminationKernel-final-simulation.pxg'
Sat 00:39: INFO    : Running command: cp -rf "/tmp/GaussianElimination_MAIA_DFE_SIM/scratch/GaussianElimination-GaussianEliminationKernel-final-simulation.pxg" "/home/nramaraj/WebIDE-Projects/Guassian_Elimination/CPUCode/results/GaussianElimination-GaussianEliminationKernel-final-simulation.pxg"
Sat 00:39: INFO    : Copying result 'GaussianElimination.h' to '/home/nramaraj/WebIDE-Projects/Guassian_Elimination/CPUCode/results/GaussianElimination.h'
Sat 00:39: INFO    : Running command: cp -rf "/tmp/GaussianElimination_MAIA_DFE_SIM/scratch/GaussianElimination.h" "/home/nramaraj/WebIDE-Projects/Guassian_Elimination/CPUCode/results/GaussianElimination.h"
Sat 00:39: INFO    : Copying result 'GaussianElimination.max' to '/home/nramaraj/WebIDE-Projects/Guassian_Elimination/CPUCode/results/GaussianElimination.max'
Sat 00:39: INFO    : Running command: cp -rf "/tmp/GaussianElimination_MAIA_DFE_SIM/scratch/GaussianElimination.max" "/home/nramaraj/WebIDE-Projects/Guassian_Elimination/CPUCode/results/GaussianElimination.max"
Sat 00:39: PROGRESS: MaxFile: /tmp/GaussianElimination_MAIA_DFE_SIM/results/GaussianElimination.max (MD5Sum: 83ca1dbc8ce29e523b54b790a507cfb4)
Sat 00:39: INFO    : Waiting for any outstanding jobs to finish... 
Sat 00:39: PROGRESS: Build completed: Sat Jun 04 00:39:11 UTC 2016 (took 8 secs)
